#
# A fatal error has been detected by the Java Runtime Environment:
#
#  EXCEPTION_ACCESS_VIOLATION (0xc0000005) at pc=0x00007ffca21f5d69, pid=12652, tid=32908
#
# JRE version: OpenJDK Runtime Environment Temurin-21.0.3+9 (21.0.3+9) (build 21.0.3+9-LTS)
# Java VM: OpenJDK 64-Bit Server VM Temurin-21.0.3+9 (21.0.3+9-LTS, mixed mode, tiered, compressed oops, compressed class ptrs, g1 gc, windows-amd64)
# Problematic frame:
# C  [awt.dll+0x95d69]
#
# No core dump will be written. Minidumps are not enabled by default on client versions of Windows
#
# If you would like to submit a bug report, please visit:
#   https://github.com/adoptium/adoptium-support/issues
# The crash happened outside the Java Virtual Machine in native code.
# See problematic frame for where to report the bug.
#

---------------  S U M M A R Y ------------

Command Line: -Dfile.encoding=UTF-8 -Djavax.net.ssl.trustStoreType=WINDOWS-ROOT -Dsun.java2d.d3d=false --add-exports=java.desktop/sun.awt=ALL-UNNAMED --add-opens=java.desktop/java.awt=ALL-UNNAMED com.st.microxplorer.maingui.STM32CubeMX D:\STM32\My_Projects\01_bc_led\01_bc_led.ioc

Host: AMD Ryzen 7 5800H with Radeon Graphics         , 16 cores, 31G,  Windows 11 , 64 bit Build 26100 (10.0.26100.4768)
Time: Tue Aug 26 12:50:11 2025  Windows 11 , 64 bit Build 26100 (10.0.26100.4768) elapsed time: 5431.801385 seconds (0d 1h 30m 31s)

---------------  T H R E A D  ---------------

Current thread (0x0000023268432930):  JavaThread "AWT-Windows" daemon [_thread_in_native, id=32908, stack(0x000000e4c6800000,0x000000e4c6900000) (1024K)]

Stack: [0x000000e4c6800000,0x000000e4c6900000],  sp=0x000000e4c68fea80,  free space=1018k
Native frames: (J=compiled Java code, j=interpreted, Vv=VM code, C=native code)
C  [awt.dll+0x95d69]

Java frames: (J=compiled Java code, j=interpreted, Vv=VM code)
j  sun.awt.windows.WToolkit.eventLoop()V+0 java.desktop@21.0.3
j  sun.awt.windows.WToolkit.run()V+50 java.desktop@21.0.3
j  java.lang.Thread.runWith(Ljava/lang/Object;Ljava/lang/Runnable;)V+5 java.base@21.0.3
j  java.lang.Thread.run()V+19 java.base@21.0.3
v  ~StubRoutines::call_stub 0x000002324dad100d

siginfo: EXCEPTION_ACCESS_VIOLATION (0xc0000005), reading address 0xffffffffffffffff


Registers:
RAX=0x3b56543b4b543c70, RBX=0x00007ffca2160000, RCX=0x3b56543b4b543c70, RDX=0x000002323aec0ac0
RSP=0x000000e4c68fea80, RBP=0x000000e4c68feb29, RSI=0x0000000000000000, RDI=0x0000000000000000
R8 =0x7ffffffffffffffc, R9 =0x000000e4c3c42000, R10=0x00007ffca226c8e0, R11=0x000000e4c68fec58
R12=0x0000000000000000, R13=0x0000000000000111, R14=0x0000000000000000, R15=0x0000000000000000
RIP=0x00007ffca21f5d69, EFLAGS=0x0000000000010202


Register to memory mapping:

RAX=0x3b56543b4b543c70 is an unknown value
RBX=0x00007ffca2160000 awt.dll
RCX=0x3b56543b4b543c70 is an unknown value
RDX=0x000002323aec0ac0 points into unknown readable memory: 0x0000000000000000 | 00 00 00 00 00 00 00 00
RSP=0x000000e4c68fea80 is pointing into the stack for thread: 0x0000023268432930
RBP=0x000000e4c68feb29 is pointing into the stack for thread: 0x0000023268432930
RSI=0x0 is null
RDI=0x0 is null
R8 =0x7ffffffffffffffc is an unknown value
R9 =0x000000e4c3c42000 points into unknown readable memory: 0x0000000000000000 | 00 00 00 00 00 00 00 00
R10=0x00007ffca226c8e0 awt.dll
R11=0x000000e4c68fec58 is pointing into the stack for thread: 0x0000023268432930
R12=0x0 is null
R13=0x0000000000000111 is an unknown value
R14=0x0 is null
R15=0x0 is null

Top of Stack: (sp=0x000000e4c68fea80)
0x000000e4c68fea80:   00007ffca2160000 0000000000000000
0x000000e4c68fea90:   000000000000c3b6 0000000000000000
0x000000e4c68feaa0:   000002326b7bd6c0 00007ffca21f48eb
0x000000e4c68feab0:   000002326b7bd6c0 000000000000a220
0x000000e4c68feac0:   0000000000000000 0000000000000000
0x000000e4c68fead0:   0000000000000000 0000000000000000
0x000000e4c68feae0:   000000e4c68febd8 00007ffcbfeb3a08
0x000000e4c68feaf0:   0000000000000000 000000e4c68febd4
0x000000e4c68feb00:   0000000000000000 0000e1b6f0d93573
0x000000e4c68feb10:   00007ffca21f7db0 0000023268432ce8
0x000000e4c68feb20:   000002326b7bd760 00007ffce86f18e9
0x000000e4c68feb30:   000000e4c68febd0 0000e1b6f0d93543
0x000000e4c68feb40:   000000e4c68febd4 0000000000000000
0x000000e4c68feb50:   0000000000000000 0000000000000000
0x000000e4c68feb60:   0000000000000000 0000000000000111
0x000000e4c68feb70:   000000000000a220 000002326b7bd6c0
0x000000e4c68feb80:   000002326b7bd6c0 00007ffca2240efc
0x000000e4c68feb90:   0000000000000000 0000000000000000
0x000000e4c68feba0:   0000000000000000 0000000000000000
0x000000e4c68febb0:   0000000000000000 0000000000000000
0x000000e4c68febc0:   0000000000000000 0000000000000000
0x000000e4c68febd0:   0000000000000000 0000000000000000
0x000000e4c68febe0:   0000000000000000 00007ffce965314f
0x000000e4c68febf0:   00000000002a086c 00007ffce86c968a
0x000000e4c68fec00:   ffffffffffffffeb 0000e1b6f0d93463
0x000000e4c68fec10:   000002323b8c2e90 000000000000a220
0x000000e4c68fec20:   000000000000a220 0000000000000111
0x000000e4c68fec30:   0000000000000000 00007ffca2210dcd
0x000000e4c68fec40:   0000000000000000 000002326b7bd6c0
0x000000e4c68fec50:   0000000000000111 000000000000a220
0x000000e4c68fec60:   000000e4c68fec70 000002323b420d80
0x000000e4c68fec70:   0000000000000001 0000000000000000 

Instructions: (pc=0x00007ffca21f5d69)
0x00007ffca21f5c69:   b7 c4 41 0f b7 cf 48 c1 e1 10 48 0b c8 44 89 74
0x00007ffca21f5c79:   24 58 48 89 4c 24 68 ff 15 82 df 0a 00 0f b7 bc
0x00007ffca21f5c89:   24 d0 00 00 00 33 d2 33 c9 89 44 24 70 4c 89 6c
0x00007ffca21f5c99:   24 74 e8 04 57 05 00 48 8b 0d 31 f3 0a 00 48 8b
0x00007ffca21f5ca9:   e8 48 8b 15 2f f3 0a 00 48 85 c9 48 0f 45 d1 48
0x00007ffca21f5cb9:   3b 56 48 75 0f 48 8d 44 24 50 48 8b ce 48 89 44
0x00007ffca21f5cc9:   24 40 eb 21 48 85 d2 74 3e 48 8b ca e8 b6 aa ff
0x00007ffca21f5cd9:   ff 48 8d 4c 24 50 48 85 c0 48 89 4c 24 40 48 0f
0x00007ffca21f5ce9:   44 c6 48 8b c8 4c 89 6c 24 38 45 33 c9 44 89 6c
0x00007ffca21f5cf9:   24 30 4c 8b c5 89 5c 24 28 ba 90 01 00 00 89 7c
0x00007ffca21f5d09:   24 20 e8 00 cd ff ff 48 8b 9c 24 b0 00 00 00 b8
0x00007ffca21f5d19:   02 00 00 00 4c 8d 9c 24 80 00 00 00 49 8b 6b 40
0x00007ffca21f5d29:   49 8b 73 48 49 8b e3 41 5f 41 5e 41 5d 41 5c 5f
0x00007ffca21f5d39:   c3 cc cc cc cc cc cc 48 89 74 24 10 57 48 83 ec
0x00007ffca21f5d49:   20 41 8b f1 49 8b f8 4d 85 c0 75 2a 48 8d 0d 44
0x00007ffca21f5d59:   11 0b 00 e8 df f1 03 00 48 8b c8 48 85 c0 74 06
0x00007ffca21f5d69:   48 8b 00 ff 50 10 b8 02 00 00 00 48 8b 74 24 38
0x00007ffca21f5d79:   48 83 c4 20 5f c3 48 3b 3d 42 11 0b 00 74 68 48
0x00007ffca21f5d89:   8b cf ff 15 6f e0 0a 00 85 c0 74 5b 48 89 5c 24
0x00007ffca21f5d99:   30 33 d2 8b 1d 1e 11 0b 00 48 8b cf ff 15 5d dd
0x00007ffca21f5da9:   0a 00 3b d8 48 8b 5c 24 30 75 3c 8b 15 6e f2 0a
0x00007ffca21f5db9:   00 45 33 c9 45 33 c0 48 8b cf ff 15 3f e0 0a 00
0x00007ffca21f5dc9:   48 85 c0 74 22 ba eb ff ff ff 48 8b cf ff 15 a4
0x00007ffca21f5dd9:   de 0a 00 48 85 c0 74 0f 4c 8b 00 8b d6 48 8b c8
0x00007ffca21f5de9:   41 ff 90 a8 02 00 00 48 8b 74 24 38 b8 01 00 00
0x00007ffca21f5df9:   00 48 83 c4 20 5f c3 48 89 5c 24 08 48 89 6c 24
0x00007ffca21f5e09:   10 48 89 74 24 18 57 48 83 ec 20 48 8b d9 49 8b
0x00007ffca21f5e19:   f1 49 8b 48 08 49 8b f8 8b ea e8 68 a9 ff ff 48
0x00007ffca21f5e29:   3b c3 74 1c 48 85 c0 74 17 4c 8b 10 4c 8b ce 4c
0x00007ffca21f5e39:   8b c7 8b d5 48 8b c8 41 ff 92 b0 02 00 00 eb 05
0x00007ffca21f5e49:   b8 02 00 00 00 48 8b 5c 24 30 48 8b 6c 24 38 48
0x00007ffca21f5e59:   8b 74 24 40 48 83 c4 20 5f c3 cc cc cc cc cc cc 


Stack slot to memory mapping:

stack at sp + 0 slots: 0x00007ffca2160000 awt.dll
stack at sp + 1 slots: 0x0 is null
stack at sp + 2 slots: 0x000000000000c3b6 is an unknown value
stack at sp + 3 slots: 0x0 is null
stack at sp + 4 slots: 0x000002326b7bd6c0 points into unknown readable memory: 0x00007ffca226c8e0 | e0 c8 26 a2 fc 7f 00 00
stack at sp + 5 slots: 0x00007ffca21f48eb awt.dll
stack at sp + 6 slots: 0x000002326b7bd6c0 points into unknown readable memory: 0x00007ffca226c8e0 | e0 c8 26 a2 fc 7f 00 00
stack at sp + 7 slots: 0x000000000000a220 is an unknown value


---------------  P R O C E S S  ---------------

Threads class SMR info:
_java_thread_list=0x000002326bef41e0, length=37, elements={
0x00000232670c6f90, 0x00000232670fbfb0, 0x0000023267100bb0, 0x0000023267101610,
0x0000023267118fb0, 0x00000232671042c0, 0x0000023267107810, 0x0000023267141990,
0x0000023267323230, 0x00000232673254d0, 0x00000232682aac60, 0x0000023267983130,
0x0000023268432930, 0x0000023267e755b0, 0x000002323b13cdc0, 0x000002326bc930e0,
0x000002326d1447d0, 0x000002326d1482e0, 0x000002326d147c50, 0x000002326d1454f0,
0x000002326d145b80, 0x000002326d146210, 0x000002326d144e60, 0x000002326d149000,
0x000002326d148970, 0x000002326d146f30, 0x000002326d1475c0, 0x000002326d1468a0,
0x000002326d149d20, 0x000002326d14b760, 0x000002326d14a3b0, 0x000002326d14aa40,
0x000002326d63d2a0, 0x000002326d63f370, 0x000002326d640db0, 0x000002326d640090,
0x000002326d641ad0
}

Java Threads: ( => current thread )
  0x00000232670c6f90 JavaThread "Reference Handler"          daemon [_thread_blocked, id=33520, stack(0x000000e4c4900000,0x000000e4c4a00000) (1024K)]
  0x00000232670fbfb0 JavaThread "Finalizer"                  daemon [_thread_blocked, id=4076, stack(0x000000e4c4a00000,0x000000e4c4b00000) (1024K)]
  0x0000023267100bb0 JavaThread "Signal Dispatcher"          daemon [_thread_blocked, id=13956, stack(0x000000e4c4b00000,0x000000e4c4c00000) (1024K)]
  0x0000023267101610 JavaThread "Attach Listener"            daemon [_thread_blocked, id=7516, stack(0x000000e4c4c00000,0x000000e4c4d00000) (1024K)]
  0x0000023267118fb0 JavaThread "Service Thread"             daemon [_thread_blocked, id=31556, stack(0x000000e4c4d00000,0x000000e4c4e00000) (1024K)]
  0x00000232671042c0 JavaThread "Monitor Deflation Thread"   daemon [_thread_blocked, id=13368, stack(0x000000e4c4e00000,0x000000e4c4f00000) (1024K)]
  0x0000023267107810 JavaThread "C2 CompilerThread0"         daemon [_thread_blocked, id=33124, stack(0x000000e4c4f00000,0x000000e4c5000000) (1024K)]
  0x0000023267141990 JavaThread "C1 CompilerThread0"         daemon [_thread_blocked, id=33120, stack(0x000000e4c5000000,0x000000e4c5100000) (1024K)]
  0x0000023267323230 JavaThread "Common-Cleaner"             daemon [_thread_blocked, id=4100, stack(0x000000e4c5200000,0x000000e4c5300000) (1024K)]
  0x00000232673254d0 JavaThread "Notification Thread"        daemon [_thread_blocked, id=12672, stack(0x000000e4c5300000,0x000000e4c5400000) (1024K)]
  0x00000232682aac60 JavaThread "Java2D Disposer"            daemon [_thread_blocked, id=20400, stack(0x000000e4c5900000,0x000000e4c5a00000) (1024K)]
  0x0000023267983130 JavaThread "AWT-Shutdown"                      [_thread_blocked, id=26112, stack(0x000000e4c6700000,0x000000e4c6800000) (1024K)]
=>0x0000023268432930 JavaThread "AWT-Windows"                daemon [_thread_in_native, id=32908, stack(0x000000e4c6800000,0x000000e4c6900000) (1024K)]
  0x0000023267e755b0 JavaThread "AWT-EventQueue-0"                  [_thread_blocked, id=2956, stack(0x000000e4c6900000,0x000000e4c6a00000) (1024K)]
  0x000002323b13cdc0 JavaThread "DestroyJavaVM"                     [_thread_blocked, id=4664, stack(0x000000e4c4100000,0x000000e4c4200000) (1024K)]
  0x000002326bc930e0 JavaThread "TimerQueue"                 daemon [_thread_blocked, id=2352, stack(0x000000e4c7300000,0x000000e4c7400000) (1024K)]
  0x000002326d1447d0 JavaThread "IPC Server Thread"          daemon [_thread_in_native, id=31092, stack(0x000000e4c5600000,0x000000e4c5700000) (1024K)]
  0x000002326d1482e0 JavaThread "Chromium Process Thread"           [_thread_in_native, id=12016, stack(0x000000e4c5700000,0x000000e4c5800000) (1024K)]
  0x000002326d147c50 JavaThread "Chromium Process Logger"    daemon [_thread_in_native, id=22660, stack(0x000000e4c7500000,0x000000e4c7600000) (1024K)]
  0x000002326d1454f0 JavaThread "IPC Memory Reader Thread"          [_thread_in_native, id=32356, stack(0x000000e4c7600000,0x000000e4c7700000) (1024K)]
  0x000002326d145b80 JavaThread "Browser Thread: 53fa30c5-c829-4d2e-9fca-e79f9d0f28b4" daemon [_thread_blocked, id=20072, stack(0x000000e4c7700000,0x000000e4c7800000) (1024K)]
  0x000002326d146210 JavaThread "Socket Connection Checker: 53fa30c5-c829-4d2e-9fca-e79f9d0f28b4"        [_thread_in_native, id=16892, stack(0x000000e4c5100000,0x000000e4c5200000) (1024K)]
  0x000002326d144e60 JavaThread "Network Thread: 287ca4e4-e09e-4e59-b6ae-02fd476314c0" daemon [_thread_blocked, id=32340, stack(0x000000e4c7c00000,0x000000e4c7d00000) (1024K)]
  0x000002326d149000 JavaThread "IPC Memory Reader Thread"          [_thread_in_native, id=18204, stack(0x000000e4c7b00000,0x000000e4c7c00000) (1024K)]
  0x000002326d148970 JavaThread "Socket Connection Checker: 287ca4e4-e09e-4e59-b6ae-02fd476314c0"        [_thread_in_native, id=12500, stack(0x000000e4c7d00000,0x000000e4c7e00000) (1024K)]
  0x000002326d146f30 JavaThread "GPU Thread: e1cdaffb-d866-4c3e-8969-07792f4cb649" daemon [_thread_blocked, id=21136, stack(0x000000e4c8300000,0x000000e4c8400000) (1024K)]
  0x000002326d1475c0 JavaThread "IPC Memory Reader Thread"          [_thread_in_native, id=18380, stack(0x000000e4c8200000,0x000000e4c8300000) (1024K)]
  0x000002326d1468a0 JavaThread "Socket Connection Checker: e1cdaffb-d866-4c3e-8969-07792f4cb649"        [_thread_in_native, id=32468, stack(0x000000e4c7200000,0x000000e4c7300000) (1024K)]
  0x000002326d149d20 JavaThread "SwingWorker-pool-3-thread-1" daemon [_thread_blocked, id=33500, stack(0x000000e4c8400000,0x000000e4c8500000) (1024K)]
  0x000002326d14b760 JavaThread "Render Thread: fda11558-9682-428c-aea8-42808b913d0e" daemon [_thread_blocked, id=12392, stack(0x000000e4c9000000,0x000000e4c9100000) (1024K)]
  0x000002326d14a3b0 JavaThread "IPC Memory Reader Thread"          [_thread_in_native, id=4128, stack(0x000000e4c9100000,0x000000e4c9200000) (1024K)]
  0x000002326d14aa40 JavaThread "Socket Connection Checker: fda11558-9682-428c-aea8-42808b913d0e"        [_thread_in_native, id=25944, stack(0x000000e4c9200000,0x000000e4c9300000) (1024K)]
  0x000002326d63d2a0 JavaThread "SwingWorker-pool-3-thread-2" daemon [_thread_blocked, id=11340, stack(0x000000e4c7000000,0x000000e4c7100000) (1024K)]
  0x000002326d63f370 JavaThread "Browser Widget Thread"             [_thread_blocked, id=20356, stack(0x000000e4c7800000,0x000000e4c7900000) (1024K)]
  0x000002326d640db0 JavaThread "Render Thread: 475e6041-c574-47d7-aaeb-328c9f60d029" daemon [_thread_blocked, id=948, stack(0x000000e4c8600000,0x000000e4c8700000) (1024K)]
  0x000002326d640090 JavaThread "IPC Memory Reader Thread"          [_thread_in_native, id=3612, stack(0x000000e4c7e00000,0x000000e4c7f00000) (1024K)]
  0x000002326d641ad0 JavaThread "Socket Connection Checker: 475e6041-c574-47d7-aaeb-328c9f60d029"        [_thread_in_native, id=15344, stack(0x000000e4c9300000,0x000000e4c9400000) (1024K)]
Total: 37

Other Threads:
  0x000002326706e3c0 VMThread "VM Thread"                           [id=18068, stack(0x000000e4c4800000,0x000000e4c4900000) (1024K)]
  0x0000023262272140 WatcherThread "VM Periodic Task Thread"        [id=13476, stack(0x000000e4c4700000,0x000000e4c4800000) (1024K)]
  0x000002323d48f540 WorkerThread "GC Thread#0"                     [id=27740, stack(0x000000e4c4200000,0x000000e4c4300000) (1024K)]
  0x000002326811afb0 WorkerThread "GC Thread#1"                     [id=21120, stack(0x000000e4c5a00000,0x000000e4c5b00000) (1024K)]
  0x0000023267ebc980 WorkerThread "GC Thread#2"                     [id=15444, stack(0x000000e4c5b00000,0x000000e4c5c00000) (1024K)]
  0x00000232683d8d60 WorkerThread "GC Thread#3"                     [id=32564, stack(0x000000e4c5c00000,0x000000e4c5d00000) (1024K)]
  0x0000023267fcfc90 WorkerThread "GC Thread#4"                     [id=11900, stack(0x000000e4c5d00000,0x000000e4c5e00000) (1024K)]
  0x0000023267ab8a40 WorkerThread "GC Thread#5"                     [id=16476, stack(0x000000e4c5e00000,0x000000e4c5f00000) (1024K)]
  0x0000023267ab8de0 WorkerThread "GC Thread#6"                     [id=12504, stack(0x000000e4c5f00000,0x000000e4c6000000) (1024K)]
  0x00000232684eb3b0 WorkerThread "GC Thread#7"                     [id=33128, stack(0x000000e4c6000000,0x000000e4c6100000) (1024K)]
  0x0000023267d32370 WorkerThread "GC Thread#8"                     [id=21396, stack(0x000000e4c6100000,0x000000e4c6200000) (1024K)]
  0x0000023267d32710 WorkerThread "GC Thread#9"                     [id=30756, stack(0x000000e4c6200000,0x000000e4c6300000) (1024K)]
  0x0000023267d32ab0 WorkerThread "GC Thread#10"                    [id=4512, stack(0x000000e4c6300000,0x000000e4c6400000) (1024K)]
  0x0000023267acd9a0 WorkerThread "GC Thread#11"                    [id=32532, stack(0x000000e4c6400000,0x000000e4c6500000) (1024K)]
  0x0000023267ace820 WorkerThread "GC Thread#12"                    [id=31516, stack(0x000000e4c6f00000,0x000000e4c7000000) (1024K)]
  0x000002323d4a12f0 ConcurrentGCThread "G1 Main Marker"            [id=31936, stack(0x000000e4c4300000,0x000000e4c4400000) (1024K)]
  0x000002323d4a2590 WorkerThread "G1 Conc#0"                       [id=32596, stack(0x000000e4c4400000,0x000000e4c4500000) (1024K)]
  0x0000023267acebc0 WorkerThread "G1 Conc#1"                       [id=29280, stack(0x000000e4c6500000,0x000000e4c6600000) (1024K)]
  0x0000023267ace0e0 WorkerThread "G1 Conc#2"                       [id=31480, stack(0x000000e4c6600000,0x000000e4c6700000) (1024K)]
  0x0000023262131b30 ConcurrentGCThread "G1 Refine#0"               [id=31392, stack(0x000000e4c4500000,0x000000e4c4600000) (1024K)]
  0x0000023262133550 ConcurrentGCThread "G1 Service"                [id=33320, stack(0x000000e4c4600000,0x000000e4c4700000) (1024K)]
Total: 21

Threads with active compile tasks:
Total: 0

VM state: not at safepoint (normal execution)

VM Mutex/Monitor currently owned by a thread: None

Heap address: 0x0000000602400000, size: 8156 MB, Compressed Oops mode: Zero based, Oop shift amount: 3

CDS archive(s) not mapped
Compressed class space mapped at: 0x0000000800000000-0x0000000840000000, reserved size: 1073741824
Narrow klass base: 0x0000000800000000, Narrow klass shift: 0, Narrow klass range: 0x40000000

GC Precious Log:
 CardTable entry size: 512
 Card Set container configuration: InlinePtr #cards 4 size 8 Array Of Cards #cards 32 size 80 Howl #buckets 8 coarsen threshold 7372 Howl Bitmap #cards 1024 size 144 coarsen threshold 921 Card regions per heap region 1 cards per card region 8192
 CPUs: 16 total, 16 available
 Memory: 32620M
 Large Page Support: Disabled
 NUMA Support: Disabled
 Compressed Oops: Enabled (Zero based)
 Heap Region Size: 4M
 Heap Min Capacity: 8M
 Heap Initial Capacity: 512M
 Heap Max Capacity: 8156M
 Pre-touch: Disabled
 Parallel Workers: 13
 Concurrent Workers: 3
 Concurrent Refinement Workers: 13
 Periodic GC: Disabled

Heap:
 garbage-first heap   total 417792K, used 235982K [0x0000000602400000, 0x0000000800000000)
  region size 4096K, 10 young (40960K), 2 survivors (8192K)
 Metaspace       used 110717K, committed 112064K, reserved 1179648K
  class space    used 12225K, committed 12864K, reserved 1048576K

Heap Regions: E=young(eden), S=young(survivor), O=old, HS=humongous(starts), HC=humongous(continues), CS=collection set, F=free, TAMS=top-at-mark-start, PB=parsable bottom
|   0|0x0000000602400000, 0x0000000602800000, 0x0000000602800000|100%|HS|  |TAMS 0x0000000602400000| PB 0x0000000602400000| Complete 
|   1|0x0000000602800000, 0x0000000602c00000, 0x0000000602c00000|100%|HC|  |TAMS 0x0000000602800000| PB 0x0000000602800000| Complete 
|   2|0x0000000602c00000, 0x0000000603000000, 0x0000000603000000|100%| O|  |TAMS 0x0000000602c00000| PB 0x0000000602c00000| Untracked 
|   3|0x0000000603000000, 0x0000000603400000, 0x0000000603400000|100%| O|  |TAMS 0x0000000603000000| PB 0x0000000603000000| Untracked 
|   4|0x0000000603400000, 0x0000000603800000, 0x0000000603800000|100%| O|  |TAMS 0x0000000603400000| PB 0x0000000603400000| Untracked 
|   5|0x0000000603800000, 0x0000000603c00000, 0x0000000603c00000|100%| O|  |TAMS 0x0000000603800000| PB 0x0000000603800000| Untracked 
|   6|0x0000000603c00000, 0x0000000604000000, 0x0000000604000000|100%| O|  |TAMS 0x0000000603c00000| PB 0x0000000603c00000| Untracked 
|   7|0x0000000604000000, 0x0000000604400000, 0x0000000604400000|100%|HS|  |TAMS 0x0000000604000000| PB 0x0000000604000000| Complete 
|   8|0x0000000604400000, 0x0000000604800000, 0x0000000604800000|100%| O|  |TAMS 0x0000000604400000| PB 0x0000000604400000| Untracked 
|   9|0x0000000604800000, 0x0000000604c00000, 0x0000000604c00000|100%| O|  |TAMS 0x0000000604800000| PB 0x0000000604800000| Untracked 
|  10|0x0000000604c00000, 0x0000000605000000, 0x0000000605000000|100%| O|  |TAMS 0x0000000604c00000| PB 0x0000000604c00000| Untracked 
|  11|0x0000000605000000, 0x0000000605400000, 0x0000000605400000|100%|HS|  |TAMS 0x0000000605000000| PB 0x0000000605000000| Complete 
|  12|0x0000000605400000, 0x0000000605800000, 0x0000000605800000|100%| O|  |TAMS 0x0000000605400000| PB 0x0000000605400000| Untracked 
|  13|0x0000000605800000, 0x0000000605c00000, 0x0000000605c00000|100%|HS|  |TAMS 0x0000000605800000| PB 0x0000000605800000| Complete 
|  14|0x0000000605c00000, 0x0000000606000000, 0x0000000606000000|100%|HC|  |TAMS 0x0000000605c00000| PB 0x0000000605c00000| Complete 
|  15|0x0000000606000000, 0x0000000606400000, 0x0000000606400000|100%|HC|  |TAMS 0x0000000606000000| PB 0x0000000606000000| Complete 
|  16|0x0000000606400000, 0x0000000606800000, 0x0000000606800000|100%|HC|  |TAMS 0x0000000606400000| PB 0x0000000606400000| Complete 
|  17|0x0000000606800000, 0x0000000606c00000, 0x0000000606c00000|100%|HS|  |TAMS 0x0000000606800000| PB 0x0000000606800000| Complete 
|  18|0x0000000606c00000, 0x0000000607000000, 0x0000000607000000|100%|HS|  |TAMS 0x0000000606c00000| PB 0x0000000606c00000| Complete 
|  19|0x0000000607000000, 0x0000000607400000, 0x0000000607400000|100%|HS|  |TAMS 0x0000000607000000| PB 0x0000000607000000| Complete 
|  20|0x0000000607400000, 0x0000000607800000, 0x0000000607800000|100%|HS|  |TAMS 0x0000000607400000| PB 0x0000000607400000| Complete 
|  21|0x0000000607800000, 0x0000000607c00000, 0x0000000607c00000|100%|HS|  |TAMS 0x0000000607800000| PB 0x0000000607800000| Complete 
|  22|0x0000000607c00000, 0x0000000608000000, 0x0000000608000000|100%|HS|  |TAMS 0x0000000607c00000| PB 0x0000000607c00000| Complete 
|  23|0x0000000608000000, 0x0000000608400000, 0x0000000608400000|100%|HS|  |TAMS 0x0000000608000000| PB 0x0000000608000000| Complete 
|  24|0x0000000608400000, 0x0000000608800000, 0x0000000608800000|100%|HS|  |TAMS 0x0000000608400000| PB 0x0000000608400000| Complete 
|  25|0x0000000608800000, 0x0000000608c00000, 0x0000000608c00000|100%|HS|  |TAMS 0x0000000608800000| PB 0x0000000608800000| Complete 
|  26|0x0000000608c00000, 0x0000000609000000, 0x0000000609000000|100%|HC|  |TAMS 0x0000000608c00000| PB 0x0000000608c00000| Complete 
|  27|0x0000000609000000, 0x0000000609400000, 0x0000000609400000|100%|HC|  |TAMS 0x0000000609000000| PB 0x0000000609000000| Complete 
|  28|0x0000000609400000, 0x0000000609800000, 0x0000000609800000|100%| O|  |TAMS 0x0000000609400000| PB 0x0000000609400000| Untracked 
|  29|0x0000000609800000, 0x0000000609c00000, 0x0000000609c00000|100%| O|  |TAMS 0x0000000609800000| PB 0x0000000609800000| Untracked 
|  30|0x0000000609c00000, 0x000000060a000000, 0x000000060a000000|100%| O|  |TAMS 0x0000000609c00000| PB 0x0000000609c00000| Untracked 
|  31|0x000000060a000000, 0x000000060a400000, 0x000000060a400000|100%| O|  |TAMS 0x000000060a000000| PB 0x000000060a000000| Untracked 
|  32|0x000000060a400000, 0x000000060a800000, 0x000000060a800000|100%| O|  |TAMS 0x000000060a400000| PB 0x000000060a400000| Untracked 
|  33|0x000000060a800000, 0x000000060ac00000, 0x000000060ac00000|100%| O|  |TAMS 0x000000060a800000| PB 0x000000060a800000| Untracked 
|  34|0x000000060ac00000, 0x000000060b000000, 0x000000060b000000|100%| O|  |TAMS 0x000000060ac00000| PB 0x000000060ac00000| Untracked 
|  35|0x000000060b000000, 0x000000060b400000, 0x000000060b400000|100%| O|  |TAMS 0x000000060b000000| PB 0x000000060b000000| Untracked 
|  36|0x000000060b400000, 0x000000060b800000, 0x000000060b800000|100%| O|  |TAMS 0x000000060b400000| PB 0x000000060b400000| Untracked 
|  37|0x000000060b800000, 0x000000060bc00000, 0x000000060bc00000|100%| O|  |TAMS 0x000000060b800000| PB 0x000000060b800000| Untracked 
|  38|0x000000060bc00000, 0x000000060c000000, 0x000000060c000000|100%| O|  |TAMS 0x000000060bc00000| PB 0x000000060bc00000| Untracked 
|  39|0x000000060c000000, 0x000000060c400000, 0x000000060c400000|100%| O|  |TAMS 0x000000060c000000| PB 0x000000060c000000| Untracked 
|  40|0x000000060c400000, 0x000000060c639670, 0x000000060c800000| 55%| O|  |TAMS 0x000000060c400000| PB 0x000000060c400000| Untracked 
|  41|0x000000060c800000, 0x000000060c800000, 0x000000060cc00000|  0%| F|  |TAMS 0x000000060c800000| PB 0x000000060c800000| Untracked 
|  42|0x000000060cc00000, 0x000000060cc00000, 0x000000060d000000|  0%| F|  |TAMS 0x000000060cc00000| PB 0x000000060cc00000| Untracked 
|  43|0x000000060d000000, 0x000000060d000000, 0x000000060d400000|  0%| F|  |TAMS 0x000000060d000000| PB 0x000000060d000000| Untracked 
|  44|0x000000060d400000, 0x000000060d400000, 0x000000060d800000|  0%| F|  |TAMS 0x000000060d400000| PB 0x000000060d400000| Untracked 
|  45|0x000000060d800000, 0x000000060d800000, 0x000000060dc00000|  0%| F|  |TAMS 0x000000060d800000| PB 0x000000060d800000| Untracked 
|  46|0x000000060dc00000, 0x000000060e000000, 0x000000060e000000|100%| O|  |TAMS 0x000000060dc00000| PB 0x000000060dc00000| Untracked 
|  47|0x000000060e000000, 0x000000060e400000, 0x000000060e400000|100%| O|  |TAMS 0x000000060e000000| PB 0x000000060e000000| Untracked 
|  48|0x000000060e400000, 0x000000060e800000, 0x000000060e800000|100%| O|  |TAMS 0x000000060e400000| PB 0x000000060e400000| Untracked 
|  49|0x000000060e800000, 0x000000060ec00000, 0x000000060ec00000|100%| O|  |TAMS 0x000000060e800000| PB 0x000000060e800000| Untracked 
|  50|0x000000060ec00000, 0x000000060f000000, 0x000000060f000000|100%| O|  |TAMS 0x000000060ec00000| PB 0x000000060ec00000| Untracked 
|  51|0x000000060f000000, 0x000000060f000000, 0x000000060f400000|  0%| F|  |TAMS 0x000000060f000000| PB 0x000000060f000000| Untracked 
|  52|0x000000060f400000, 0x000000060f400000, 0x000000060f800000|  0%| F|  |TAMS 0x000000060f400000| PB 0x000000060f400000| Untracked 
|  53|0x000000060f800000, 0x000000060f800000, 0x000000060fc00000|  0%| F|  |TAMS 0x000000060f800000| PB 0x000000060f800000| Untracked 
|  54|0x000000060fc00000, 0x000000060fc3a380, 0x0000000610000000|  5%| S|CS|TAMS 0x000000060fc00000| PB 0x000000060fc00000| Complete 
|  55|0x0000000610000000, 0x0000000610400000, 0x0000000610400000|100%| S|CS|TAMS 0x0000000610000000| PB 0x0000000610000000| Complete 
|  56|0x0000000610400000, 0x0000000610400000, 0x0000000610800000|  0%| F|  |TAMS 0x0000000610400000| PB 0x0000000610400000| Untracked 
|  57|0x0000000610800000, 0x0000000610800000, 0x0000000610c00000|  0%| F|  |TAMS 0x0000000610800000| PB 0x0000000610800000| Untracked 
|  58|0x0000000610c00000, 0x0000000610c00000, 0x0000000611000000|  0%| F|  |TAMS 0x0000000610c00000| PB 0x0000000610c00000| Untracked 
|  59|0x0000000611000000, 0x0000000611000000, 0x0000000611400000|  0%| F|  |TAMS 0x0000000611000000| PB 0x0000000611000000| Untracked 
|  60|0x0000000611400000, 0x0000000611400000, 0x0000000611800000|  0%| F|  |TAMS 0x0000000611400000| PB 0x0000000611400000| Untracked 
|  61|0x0000000611800000, 0x0000000611800000, 0x0000000611c00000|  0%| F|  |TAMS 0x0000000611800000| PB 0x0000000611800000| Untracked 
|  62|0x0000000611c00000, 0x0000000611c00000, 0x0000000612000000|  0%| F|  |TAMS 0x0000000611c00000| PB 0x0000000611c00000| Untracked 
|  63|0x0000000612000000, 0x0000000612000000, 0x0000000612400000|  0%| F|  |TAMS 0x0000000612000000| PB 0x0000000612000000| Untracked 
|  64|0x0000000612400000, 0x0000000612400000, 0x0000000612800000|  0%| F|  |TAMS 0x0000000612400000| PB 0x0000000612400000| Untracked 
|  65|0x0000000612800000, 0x0000000612800000, 0x0000000612c00000|  0%| F|  |TAMS 0x0000000612800000| PB 0x0000000612800000| Untracked 
|  66|0x0000000612c00000, 0x0000000612c00000, 0x0000000613000000|  0%| F|  |TAMS 0x0000000612c00000| PB 0x0000000612c00000| Untracked 
|  67|0x0000000613000000, 0x0000000613000000, 0x0000000613400000|  0%| F|  |TAMS 0x0000000613000000| PB 0x0000000613000000| Untracked 
|  68|0x0000000613400000, 0x0000000613400000, 0x0000000613800000|  0%| F|  |TAMS 0x0000000613400000| PB 0x0000000613400000| Untracked 
|  69|0x0000000613800000, 0x0000000613800000, 0x0000000613c00000|  0%| F|  |TAMS 0x0000000613800000| PB 0x0000000613800000| Untracked 
|  70|0x0000000613c00000, 0x0000000613c00000, 0x0000000614000000|  0%| F|  |TAMS 0x0000000613c00000| PB 0x0000000613c00000| Untracked 
|  71|0x0000000614000000, 0x0000000614000000, 0x0000000614400000|  0%| F|  |TAMS 0x0000000614000000| PB 0x0000000614000000| Untracked 
|  72|0x0000000614400000, 0x0000000614400000, 0x0000000614800000|  0%| F|  |TAMS 0x0000000614400000| PB 0x0000000614400000| Untracked 
|  73|0x0000000614800000, 0x0000000614800000, 0x0000000614c00000|  0%| F|  |TAMS 0x0000000614800000| PB 0x0000000614800000| Untracked 
|  74|0x0000000614c00000, 0x0000000614c00000, 0x0000000615000000|  0%| F|  |TAMS 0x0000000614c00000| PB 0x0000000614c00000| Untracked 
|  75|0x0000000615000000, 0x0000000615000000, 0x0000000615400000|  0%| F|  |TAMS 0x0000000615000000| PB 0x0000000615000000| Untracked 
|  76|0x0000000615400000, 0x0000000615400000, 0x0000000615800000|  0%| F|  |TAMS 0x0000000615400000| PB 0x0000000615400000| Untracked 
|  77|0x0000000615800000, 0x0000000615800000, 0x0000000615c00000|  0%| F|  |TAMS 0x0000000615800000| PB 0x0000000615800000| Untracked 
|  78|0x0000000615c00000, 0x0000000615c00000, 0x0000000616000000|  0%| F|  |TAMS 0x0000000615c00000| PB 0x0000000615c00000| Untracked 
|  79|0x0000000616000000, 0x0000000616000000, 0x0000000616400000|  0%| F|  |TAMS 0x0000000616000000| PB 0x0000000616000000| Untracked 
|  80|0x0000000616400000, 0x0000000616400000, 0x0000000616800000|  0%| F|  |TAMS 0x0000000616400000| PB 0x0000000616400000| Untracked 
|  81|0x0000000616800000, 0x0000000616800000, 0x0000000616c00000|  0%| F|  |TAMS 0x0000000616800000| PB 0x0000000616800000| Untracked 
|  82|0x0000000616c00000, 0x0000000616c00000, 0x0000000617000000|  0%| F|  |TAMS 0x0000000616c00000| PB 0x0000000616c00000| Untracked 
|  83|0x0000000617000000, 0x0000000617000000, 0x0000000617400000|  0%| F|  |TAMS 0x0000000617000000| PB 0x0000000617000000| Untracked 
|  84|0x0000000617400000, 0x0000000617400000, 0x0000000617800000|  0%| F|  |TAMS 0x0000000617400000| PB 0x0000000617400000| Untracked 
|  85|0x0000000617800000, 0x0000000617800000, 0x0000000617c00000|  0%| F|  |TAMS 0x0000000617800000| PB 0x0000000617800000| Untracked 
|  86|0x0000000617c00000, 0x0000000617c00000, 0x0000000618000000|  0%| F|  |TAMS 0x0000000617c00000| PB 0x0000000617c00000| Untracked 
|  87|0x0000000618000000, 0x0000000618000000, 0x0000000618400000|  0%| F|  |TAMS 0x0000000618000000| PB 0x0000000618000000| Untracked 
|  88|0x0000000618400000, 0x0000000618400000, 0x0000000618800000|  0%| F|  |TAMS 0x0000000618400000| PB 0x0000000618400000| Untracked 
|  89|0x0000000618800000, 0x0000000618800000, 0x0000000618c00000|  0%| F|  |TAMS 0x0000000618800000| PB 0x0000000618800000| Untracked 
|  90|0x0000000618c00000, 0x0000000618eeaef8, 0x0000000619000000| 72%| E|  |TAMS 0x0000000618c00000| PB 0x0000000618c00000| Complete 
|  91|0x0000000619000000, 0x0000000619400000, 0x0000000619400000|100%| E|CS|TAMS 0x0000000619000000| PB 0x0000000619000000| Complete 
|  92|0x0000000619400000, 0x0000000619800000, 0x0000000619800000|100%| E|CS|TAMS 0x0000000619400000| PB 0x0000000619400000| Complete 
|  93|0x0000000619800000, 0x0000000619c00000, 0x0000000619c00000|100%| E|CS|TAMS 0x0000000619800000| PB 0x0000000619800000| Complete 
|  94|0x0000000619c00000, 0x000000061a000000, 0x000000061a000000|100%| E|CS|TAMS 0x0000000619c00000| PB 0x0000000619c00000| Complete 
| 125|0x0000000621800000, 0x0000000621c00000, 0x0000000621c00000|100%| E|CS|TAMS 0x0000000621800000| PB 0x0000000621800000| Complete 
| 127|0x0000000622000000, 0x0000000622400000, 0x0000000622400000|100%| E|CS|TAMS 0x0000000622000000| PB 0x0000000622000000| Complete 
|2034|0x00000007fec00000, 0x00000007ff000000, 0x00000007ff000000|100%| E|CS|TAMS 0x00000007fec00000| PB 0x00000007fec00000| Complete 
|2035|0x00000007ff000000, 0x00000007ff400000, 0x00000007ff400000|100%| O|  |TAMS 0x00000007ff000000| PB 0x00000007ff000000| Untracked 
|2036|0x00000007ff400000, 0x00000007ff800000, 0x00000007ff800000|100%| O|  |TAMS 0x00000007ff400000| PB 0x00000007ff400000| Untracked 
|2037|0x00000007ff800000, 0x00000007ffc00000, 0x00000007ffc00000|100%| O|  |TAMS 0x00000007ff800000| PB 0x00000007ff800000| Untracked 
|2038|0x00000007ffc00000, 0x0000000800000000, 0x0000000800000000|100%| O|  |TAMS 0x00000007ffc00000| PB 0x00000007ffc00000| Untracked 

Card table byte_map: [0x0000023256f10000,0x0000023257f00000] _byte_map_base: 0x0000023253efe000

Marking Bits: (CMBitMap*) 0x000002323d48fc40
 Bits: [0x0000023257f00000, 0x000002325fe70000)

Polling page: 0x000002323b300000

Metaspace:

Usage:
  Non-class:     96.18 MB used.
      Class:     11.94 MB used.
       Both:    108.12 MB used.

Virtual space:
  Non-class space:      128.00 MB reserved,      96.88 MB ( 76%) committed,  2 nodes.
      Class space:        1.00 GB reserved,      12.56 MB (  1%) committed,  1 nodes.
             Both:        1.12 GB reserved,     109.44 MB (  9%) committed. 

Chunk freelists:
   Non-Class:  14.38 MB
       Class:  3.49 MB
        Both:  17.87 MB

MaxMetaspaceSize: unlimited
CompressedClassSpaceSize: 1.00 GB
Initial GC threshold: 21.00 MB
Current GC threshold: 182.31 MB
CDS: off
 - commit_granule_bytes: 65536.
 - commit_granule_words: 8192.
 - virtual_space_node_default_size: 8388608.
 - enlarge_chunks_in_place: 1.
 - use_allocation_guard: 0.


Internal statistics:

num_allocs_failed_limit: 18.
num_arena_births: 1398.
num_arena_deaths: 8.
num_vsnodes_births: 3.
num_vsnodes_deaths: 0.
num_space_committed: 1750.
num_space_uncommitted: 0.
num_chunks_returned_to_freelist: 44.
num_chunks_taken_from_freelist: 4578.
num_chunk_merges: 13.
num_chunk_splits: 3135.
num_chunks_enlarged: 2123.
num_inconsistent_stats: 0.

CodeHeap 'non-profiled nmethods': size=119168Kb used=7049Kb max_used=12860Kb free=112118Kb
 bounds [0x000002324e220000, 0x000002324eeb0000, 0x0000023255680000]
CodeHeap 'profiled nmethods': size=119104Kb used=14064Kb max_used=33357Kb free=105039Kb
 bounds [0x0000023246680000, 0x0000023248720000, 0x000002324dad0000]
CodeHeap 'non-nmethods': size=7488Kb used=2159Kb max_used=3915Kb free=5328Kb
 bounds [0x000002324dad0000, 0x000002324def0000, 0x000002324e220000]
 total_blobs=7927 nmethods=6835 adapters=992
 compilation: enabled
              stopped_count=0, restarted_count=0
 full_count=0

Compilation events (20 events):
Event: 5268.085 Thread 0x0000023267141990 16250       3       com.teamdev.jxbrowser.internal.rpc.StreamData$Builder::setSubscribe (47 bytes)
Event: 5268.086 Thread 0x0000023267141990 nmethod 16250 0x0000023246842790 code [0x0000023246842980, 0x0000023246842e48]
Event: 5307.048 Thread 0x0000023267141990 16254       3       java.util.ComparableTimSort::reverseRange (32 bytes)
Event: 5307.048 Thread 0x0000023267107810 16255       4       java.awt.EventQueue::getPriority (78 bytes)
Event: 5307.049 Thread 0x0000023267141990 nmethod 16254 0x00000232468dbe10 code [0x00000232468dbfe0, 0x00000232468dc4e8]
Event: 5307.050 Thread 0x0000023267107810 nmethod 16255 0x000002324e229590 code [0x000002324e229720, 0x000002324e229810]
Event: 5315.894 Thread 0x0000023267141990 16256       1       com.teamdev.jxbrowser.internal.rpc.ConnectionId::getUnknownFields (5 bytes)
Event: 5315.894 Thread 0x0000023267141990 nmethod 16256 0x000002324e239010 code [0x000002324e2391a0, 0x000002324e239270]
Event: 5315.894 Thread 0x0000023267141990 16257       3       com.teamdev.jxbrowser.internal.rpc.StreamData::getMessage (20 bytes)
Event: 5315.894 Thread 0x0000023267141990 nmethod 16257 0x0000023246a62e90 code [0x0000023246a63040, 0x0000023246a63308]
Event: 5366.913 Thread 0x0000023267107810 16258   !   4       java.io.FileInputStream::available (24 bytes)
Event: 5366.914 Thread 0x0000023267107810 nmethod 16258 0x000002324e298510 code [0x000002324e2986c0, 0x000002324e298808]
Event: 5366.920 Thread 0x0000023267107810 16259       4       com.teamdev.jxbrowser.deps.com.google.protobuf.SingleFieldBuilderV3::getBuilder (46 bytes)
Event: 5366.921 Thread 0x0000023267141990 16260       3       java.util.concurrent.LinkedBlockingQueue::dequeue (32 bytes)
Event: 5366.921 Thread 0x0000023267141990 nmethod 16260 0x0000023246704110 code [0x00000232467042c0, 0x00000232467044e8]
Event: 5366.922 Thread 0x0000023267141990 16261       3       java.util.concurrent.atomic.AtomicInteger::getAndDecrement (12 bytes)
Event: 5366.922 Thread 0x0000023267141990 nmethod 16261 0x00000232467aff10 code [0x00000232467b00a0, 0x00000232467b01b8]
Event: 5366.923 Thread 0x0000023267107810 nmethod 16259 0x000002324e243a90 code [0x000002324e243c40, 0x000002324e243f90]
Event: 5387.924 Thread 0x0000023267141990 16262       1       com.teamdev.jxbrowser.internal.rpc.UniversalServiceConnection::connection (5 bytes)
Event: 5387.924 Thread 0x0000023267141990 nmethod 16262 0x000002324e23a290 code [0x000002324e23a420, 0x000002324e23a4f0]

GC Heap History (20 events):
Event: 612.177 GC heap before
{Heap before GC invocations=35 (full 0):
 garbage-first heap   total 385024K, used 344602K [0x0000000602400000, 0x0000000800000000)
  region size 4096K, 35 young (143360K), 2 survivors (8192K)
 Metaspace       used 110393K, committed 111744K, reserved 1179648K
  class space    used 12218K, committed 12864K, reserved 1048576K
}
Event: 612.182 GC heap after
{Heap after GC invocations=36 (full 0):
 garbage-first heap   total 385024K, used 207960K [0x0000000602400000, 0x0000000800000000)
  region size 4096K, 2 young (8192K), 2 survivors (8192K)
 Metaspace       used 110393K, committed 111744K, reserved 1179648K
  class space    used 12218K, committed 12864K, reserved 1048576K
}
Event: 612.470 GC heap before
{Heap before GC invocations=36 (full 0):
 garbage-first heap   total 385024K, used 347224K [0x0000000602400000, 0x0000000800000000)
  region size 4096K, 36 young (147456K), 2 survivors (8192K)
 Metaspace       used 110458K, committed 111808K, reserved 1179648K
  class space    used 12220K, committed 12864K, reserved 1048576K
}
Event: 612.472 GC heap after
{Heap after GC invocations=37 (full 0):
 garbage-first heap   total 385024K, used 207898K [0x0000000602400000, 0x0000000800000000)
  region size 4096K, 2 young (8192K), 2 survivors (8192K)
 Metaspace       used 110458K, committed 111808K, reserved 1179648K
  class space    used 12220K, committed 12864K, reserved 1048576K
}
Event: 613.663 GC heap before
{Heap before GC invocations=38 (full 0):
 garbage-first heap   total 409600K, used 351258K [0x0000000602400000, 0x0000000800000000)
  region size 4096K, 37 young (151552K), 2 survivors (8192K)
 Metaspace       used 110469K, committed 111808K, reserved 1179648K
  class space    used 12220K, committed 12864K, reserved 1048576K
}
Event: 613.665 GC heap after
{Heap after GC invocations=39 (full 0):
 garbage-first heap   total 409600K, used 207836K [0x0000000602400000, 0x0000000800000000)
  region size 4096K, 2 young (8192K), 2 survivors (8192K)
 Metaspace       used 110469K, committed 111808K, reserved 1179648K
  class space    used 12220K, committed 12864K, reserved 1048576K
}
Event: 625.627 GC heap before
{Heap before GC invocations=39 (full 0):
 garbage-first heap   total 409600K, used 375772K [0x0000000602400000, 0x0000000800000000)
  region size 4096K, 43 young (176128K), 2 survivors (8192K)
 Metaspace       used 110505K, committed 111872K, reserved 1179648K
  class space    used 12220K, committed 12864K, reserved 1048576K
}
Event: 625.632 GC heap after
{Heap after GC invocations=40 (full 0):
 garbage-first heap   total 409600K, used 207309K [0x0000000602400000, 0x0000000800000000)
  region size 4096K, 2 young (8192K), 2 survivors (8192K)
 Metaspace       used 110505K, committed 111872K, reserved 1179648K
  class space    used 12220K, committed 12864K, reserved 1048576K
}
Event: 625.860 GC heap before
{Heap before GC invocations=40 (full 0):
 garbage-first heap   total 409600K, used 375245K [0x0000000602400000, 0x0000000800000000)
  region size 4096K, 43 young (176128K), 2 survivors (8192K)
 Metaspace       used 110516K, committed 111872K, reserved 1179648K
  class space    used 12220K, committed 12864K, reserved 1048576K
}
Event: 625.863 GC heap after
{Heap after GC invocations=41 (full 0):
 garbage-first heap   total 409600K, used 207420K [0x0000000602400000, 0x0000000800000000)
  region size 4096K, 2 young (8192K), 2 survivors (8192K)
 Metaspace       used 110516K, committed 111872K, reserved 1179648K
  class space    used 12220K, committed 12864K, reserved 1048576K
}
Event: 627.404 GC heap before
{Heap before GC invocations=42 (full 0):
 garbage-first heap   total 409600K, used 375356K [0x0000000602400000, 0x0000000800000000)
  region size 4096K, 43 young (176128K), 2 survivors (8192K)
 Metaspace       used 110527K, committed 111872K, reserved 1179648K
  class space    used 12220K, committed 12864K, reserved 1048576K
}
Event: 627.406 GC heap after
{Heap after GC invocations=43 (full 0):
 garbage-first heap   total 409600K, used 207362K [0x0000000602400000, 0x0000000800000000)
  region size 4096K, 2 young (8192K), 2 survivors (8192K)
 Metaspace       used 110527K, committed 111872K, reserved 1179648K
  class space    used 12220K, committed 12864K, reserved 1048576K
}
Event: 631.948 GC heap before
{Heap before GC invocations=43 (full 0):
 garbage-first heap   total 409600K, used 375298K [0x0000000602400000, 0x0000000800000000)
  region size 4096K, 43 young (176128K), 2 survivors (8192K)
 Metaspace       used 110563K, committed 111936K, reserved 1179648K
  class space    used 12220K, committed 12864K, reserved 1048576K
}
Event: 631.950 GC heap after
{Heap after GC invocations=44 (full 0):
 garbage-first heap   total 409600K, used 207305K [0x0000000602400000, 0x0000000800000000)
  region size 4096K, 2 young (8192K), 2 survivors (8192K)
 Metaspace       used 110563K, committed 111936K, reserved 1179648K
  class space    used 12220K, committed 12864K, reserved 1048576K
}
Event: 748.404 GC heap before
{Heap before GC invocations=45 (full 0):
 garbage-first heap   total 417792K, used 371145K [0x0000000602400000, 0x0000000800000000)
  region size 4096K, 42 young (172032K), 2 survivors (8192K)
 Metaspace       used 110629K, committed 112000K, reserved 1179648K
  class space    used 12225K, committed 12864K, reserved 1048576K
}
Event: 748.406 GC heap after
{Heap after GC invocations=46 (full 0):
 garbage-first heap   total 417792K, used 207303K [0x0000000602400000, 0x0000000800000000)
  region size 4096K, 2 young (8192K), 2 survivors (8192K)
 Metaspace       used 110629K, committed 112000K, reserved 1179648K
  class space    used 12225K, committed 12864K, reserved 1048576K
}
Event: 764.597 GC heap before
{Heap before GC invocations=46 (full 0):
 garbage-first heap   total 417792K, used 379335K [0x0000000602400000, 0x0000000800000000)
  region size 4096K, 44 young (180224K), 2 survivors (8192K)
 Metaspace       used 110645K, committed 112000K, reserved 1179648K
  class space    used 12225K, committed 12864K, reserved 1048576K
}
Event: 764.599 GC heap after
{Heap after GC invocations=47 (full 0):
 garbage-first heap   total 417792K, used 207367K [0x0000000602400000, 0x0000000800000000)
  region size 4096K, 2 young (8192K), 2 survivors (8192K)
 Metaspace       used 110645K, committed 112000K, reserved 1179648K
  class space    used 12225K, committed 12864K, reserved 1048576K
}
Event: 769.933 GC heap before
{Heap before GC invocations=48 (full 0):
 garbage-first heap   total 417792K, used 379399K [0x0000000602400000, 0x0000000800000000)
  region size 4096K, 44 young (180224K), 2 survivors (8192K)
 Metaspace       used 110648K, committed 112000K, reserved 1179648K
  class space    used 12225K, committed 12864K, reserved 1048576K
}
Event: 769.934 GC heap after
{Heap after GC invocations=49 (full 0):
 garbage-first heap   total 417792K, used 207310K [0x0000000602400000, 0x0000000800000000)
  region size 4096K, 2 young (8192K), 2 survivors (8192K)
 Metaspace       used 110648K, committed 112000K, reserved 1179648K
  class space    used 12225K, committed 12864K, reserved 1048576K
}

Dll operation events (19 events):
Event: 0.012 Loaded shared library D:\STM32\jre\bin\java.dll
Event: 0.065 Loaded shared library D:\STM32\jre\bin\jsvml.dll
Event: 0.117 Loaded shared library D:\STM32\jre\bin\net.dll
Event: 0.121 Loaded shared library D:\STM32\jre\bin\nio.dll
Event: 0.148 Loaded shared library D:\STM32\jre\bin\zip.dll
Event: 0.181 Loaded shared library D:\STM32\jre\bin\jimage.dll
Event: 0.344 Loaded shared library D:\STM32\jre\bin\management.dll
Event: 0.352 Loaded shared library D:\STM32\jre\bin\management_ext.dll
Event: 0.827 Loaded shared library D:\STM32\jre\bin\awt.dll
Event: 1.088 Loaded shared library D:\STM32\jre\bin\freetype.dll
Event: 1.089 Loaded shared library D:\STM32\jre\bin\fontmanager.dll
Event: 1.239 Loaded shared library D:\STM32\jre\bin\verify.dll
Event: 1.323 Loaded shared library D:\STM32\jre\bin\prefs.dll
Event: 3.903 Loaded shared library D:\STM32\jre\bin\sunmscapi.dll
Event: 4.139 Loaded shared library D:\STM32\jre\bin\extnet.dll
Event: 6.166 Loaded shared library D:\STM32\jre\bin\javajpeg.dll
Event: 7.454 Loaded shared library C:\Users\Hua\.stm32cubemx\.jxbrowser-8.5.0\Chromium\toolkit64.dll
Event: 8.101 Loaded shared library C:\Users\Hua\.stm32cubemx\.jxbrowser-8.5.0\Chromium\ipc64.dll
Event: 11.536 Loaded shared library C:\Users\Hua\AppData\Local\Temp\sqlite-3.49.1.0-164a16c6-5992-4456-b089-0714065b172f-sqlitejdbc.dll

Deoptimization events (20 events):
Event: 612.237 Thread 0x0000023267e755b0 DEOPT PACKING pc=0x000002324e99d814 sp=0x000000e4c69fd530
Event: 612.237 Thread 0x0000023267e755b0 DEOPT UNPACKING pc=0x000002324db246a2 sp=0x000000e4c69fd4b8 mode 2
Event: 612.500 Thread 0x0000023267e755b0 DEOPT PACKING pc=0x0000023246c1eb45 sp=0x000000e4c69fdcc0
Event: 612.500 Thread 0x0000023267e755b0 DEOPT UNPACKING pc=0x000002324db24e42 sp=0x000000e4c69fd100 mode 0
Event: 613.683 Thread 0x0000023267e755b0 DEOPT PACKING pc=0x000002324751c919 sp=0x000000e4c69fd9c0
Event: 613.683 Thread 0x0000023267e755b0 DEOPT UNPACKING pc=0x000002324db24e42 sp=0x000000e4c69fcda0 mode 0
Event: 613.747 Thread 0x0000023267e755b0 DEOPT PACKING pc=0x000002324751c345 sp=0x000000e4c69fda00
Event: 613.747 Thread 0x0000023267e755b0 DEOPT UNPACKING pc=0x000002324db24e42 sp=0x000000e4c69fcde0 mode 0
Event: 621.557 Thread 0x0000023267e755b0 DEOPT PACKING pc=0x000002324724fb76 sp=0x000000e4c69fd910
Event: 621.557 Thread 0x0000023267e755b0 DEOPT UNPACKING pc=0x000002324db24e42 sp=0x000000e4c69fcca0 mode 0
Event: 746.611 Thread 0x0000023267e755b0 Uncommon trap: trap_request=0xffffff45 fr.pc=0x000002324e4380e4 relative=0x0000000000000204
Event: 746.611 Thread 0x0000023267e755b0 Uncommon trap: reason=unstable_if action=reinterpret pc=0x000002324e4380e4 method=java.awt.EventQueue.coalesceEvent(Ljava/awt/AWTEvent;I)Z @ 56 c2
Event: 746.611 Thread 0x0000023267e755b0 DEOPT PACKING pc=0x000002324e4380e4 sp=0x000000e4c69fee10
Event: 746.611 Thread 0x0000023267e755b0 DEOPT UNPACKING pc=0x000002324db246a2 sp=0x000000e4c69feda8 mode 2
Event: 761.564 Thread 0x0000023267e755b0 DEOPT PACKING pc=0x0000023247d65e7a sp=0x000000e4c69fda10
Event: 761.564 Thread 0x0000023267e755b0 DEOPT UNPACKING pc=0x000002324db24e42 sp=0x000000e4c69fce10 mode 0
Event: 761.776 Thread 0x0000023267e755b0 DEOPT PACKING pc=0x0000023246858e71 sp=0x000000e4c69fdc00
Event: 761.776 Thread 0x0000023267e755b0 DEOPT UNPACKING pc=0x000002324db24e42 sp=0x000000e4c69fd098 mode 0
Event: 4615.276 Thread 0x0000023267e755b0 DEOPT PACKING pc=0x0000023247d65e7a sp=0x000000e4c69fb330
Event: 4615.276 Thread 0x0000023267e755b0 DEOPT UNPACKING pc=0x000002324db24e42 sp=0x000000e4c69fa730 mode 0

Classes loaded (20 events):
Event: 30.125 Loading class javax/swing/plaf/basic/BasicLookAndFeel$AudioAction
Event: 30.125 Loading class javax/sound/sampled/LineListener
Event: 30.125 Loading class javax/sound/sampled/LineListener done
Event: 30.125 Loading class javax/swing/plaf/basic/BasicLookAndFeel$AudioAction done
Event: 30.132 Loading class javax/swing/JOptionPane$1
Event: 30.132 Loading class javax/swing/JOptionPane$1 done
Event: 30.132 Loading class javax/swing/JOptionPane$2
Event: 30.132 Loading class javax/swing/JOptionPane$2 done
Event: 30.132 Loading class javax/swing/JOptionPane$3
Event: 30.132 Loading class javax/swing/JOptionPane$3 done
Event: 32.309 Loading class java/awt/Desktop$Action
Event: 32.309 Loading class java/awt/Desktop$Action done
Event: 32.309 Loading class sun/awt/windows/WDesktopPeer$1
Event: 32.309 Loading class sun/awt/windows/WDesktopPeer$1 done
Event: 612.229 Loading class javax/swing/text/html/ListView
Event: 612.229 Loading class javax/swing/text/html/ListView done
Event: 612.232 Loading class javax/swing/text/html/ImageView$ImageHandler
Event: 612.232 Loading class javax/swing/text/html/ImageView$ImageHandler done
Event: 612.233 Loading class javax/swing/text/html/StyleSheet$ListPainter
Event: 612.233 Loading class javax/swing/text/html/StyleSheet$ListPainter done

Classes unloaded (20 events):
Event: 29.276 Thread 0x000002326706e3c0 Unloading class 0x0000000800b9c9d8 'com/st/stm32cube/ide/common/services/mx/jar/core/mx/plugin/PlugInInstaller$PlugInRoot'
Event: 29.276 Thread 0x000002326706e3c0 Unloading class 0x0000000800b9c7a0 'com/st/stm32cube/ide/common/services/mx/jar/core/mx/plugin/PlugInInstaller'
Event: 29.276 Thread 0x000002326706e3c0 Unloading class 0x0000000800b9c4c8 'com/st/stm32cube/ide/common/services/mx/jar/core/mx/plugin/PlugIn'
Event: 29.276 Thread 0x000002326706e3c0 Unloading class 0x0000000800b9c1f8 'com/st/stm32cube/ide/common/services/mx/jar/core/mx/plugin/PlugInAbstract'
Event: 29.276 Thread 0x000002326706e3c0 Unloading class 0x0000000800b9c000 'com/st/stm32cube/ide/common/services/mx/jar/core/mx/plugin/PlugInInterface'
Event: 29.276 Thread 0x000002326706e3c0 Unloading class 0x0000000800b9b000 'com/st/stm32cube/ide/common/services/mx/jar/core/mx/plugin/PlugInInstaller$PlugInRoot'
Event: 29.276 Thread 0x000002326706e3c0 Unloading class 0x0000000800b9a400 'com/st/stm32cube/ide/common/services/mx/jar/core/mx/plugin/PlugInInstaller'
Event: 29.276 Thread 0x000002326706e3c0 Unloading class 0x0000000800b9acc8 'com/st/stm32cube/ide/common/services/mx/jar/core/mx/plugin/PlugIn'
Event: 29.276 Thread 0x000002326706e3c0 Unloading class 0x0000000800b9a9f8 'com/st/stm32cube/ide/common/services/mx/jar/core/mx/plugin/PlugInAbstract'
Event: 29.276 Thread 0x000002326706e3c0 Unloading class 0x0000000800b9a800 'com/st/stm32cube/ide/common/services/mx/jar/core/mx/plugin/PlugInInterface'
Event: 29.276 Thread 0x000002326706e3c0 Unloading class 0x0000000800b91000 'com/st/stm32cube/ide/common/services/mx/jar/core/mx/plugin/PlugInInstaller$PlugInRoot'
Event: 29.276 Thread 0x000002326706e3c0 Unloading class 0x0000000800b90400 'com/st/stm32cube/ide/common/services/mx/jar/core/mx/plugin/PlugInInstaller'
Event: 29.276 Thread 0x000002326706e3c0 Unloading class 0x0000000800b90cc8 'com/st/stm32cube/ide/common/services/mx/jar/core/mx/plugin/PlugIn'
Event: 29.276 Thread 0x000002326706e3c0 Unloading class 0x0000000800b909f8 'com/st/stm32cube/ide/common/services/mx/jar/core/mx/plugin/PlugInAbstract'
Event: 29.276 Thread 0x000002326706e3c0 Unloading class 0x0000000800b90800 'com/st/stm32cube/ide/common/services/mx/jar/core/mx/plugin/PlugInInterface'
Event: 29.276 Thread 0x000002326706e3c0 Unloading class 0x0000000800b8c9d8 'com/st/stm32cube/ide/common/services/mx/jar/core/mx/plugin/PlugInInstaller$PlugInRoot'
Event: 29.276 Thread 0x000002326706e3c0 Unloading class 0x0000000800b8c7a0 'com/st/stm32cube/ide/common/services/mx/jar/core/mx/plugin/PlugInInstaller'
Event: 29.276 Thread 0x000002326706e3c0 Unloading class 0x0000000800b8c4c8 'com/st/stm32cube/ide/common/services/mx/jar/core/mx/plugin/PlugIn'
Event: 29.276 Thread 0x000002326706e3c0 Unloading class 0x0000000800b8c1f8 'com/st/stm32cube/ide/common/services/mx/jar/core/mx/plugin/PlugInAbstract'
Event: 29.276 Thread 0x000002326706e3c0 Unloading class 0x0000000800b8c000 'com/st/stm32cube/ide/common/services/mx/jar/core/mx/plugin/PlugInInterface'

Classes redefined (0 events):
No events

Internal exceptions (20 events):
Event: 25.014 Thread 0x000002326d641440 Exception <a 'java/io/IOException'{0x000000061213d588}> (0x000000061213d588) 
thrown [s\src\hotspot\share\prims\jni.cpp, line 520]
Event: 25.018 Thread 0x000002326d641440 Exception <a 'java/io/IOException'{0x00000006121eb5b0}> (0x00000006121eb5b0) 
thrown [s\src\hotspot\share\prims\jni.cpp, line 520]
Event: 25.018 Thread 0x000002326d641440 Exception <a 'java/io/IOException'{0x00000006121ebb70}> (0x00000006121ebb70) 
thrown [s\src\hotspot\share\prims\jni.cpp, line 520]
Event: 25.024 Thread 0x000002326d641440 Exception <a 'java/io/IOException'{0x00000006122c5f50}> (0x00000006122c5f50) 
thrown [s\src\hotspot\share\prims\jni.cpp, line 520]
Event: 25.024 Thread 0x000002326d641440 Exception <a 'java/io/IOException'{0x00000006122c6510}> (0x00000006122c6510) 
thrown [s\src\hotspot\share\prims\jni.cpp, line 520]
Event: 25.237 Thread 0x000002326d641440 Exception <a 'java/lang/ClassNotFoundException'{0x00000006164290d8}: com/st/microxplorer/plugins/projectmanager/model/ProjectSettingsBeanInfo> (0x00000006164290d8) 
thrown [s\src\hotspot\share\classfile\systemDictionary.cpp, line 312]
Event: 25.237 Thread 0x000002326d641440 Exception <a 'java/lang/ClassNotFoundException'{0x000000061642b3f0}: com/st/microxplorer/plugins/projectmanager/model/ProjectSettingsCustomizer> (0x000000061642b3f0) 
thrown [s\src\hotspot\share\classfile\systemDictionary.cpp, line 312]
Event: 25.244 Thread 0x000002326d641440 Exception <a 'java/lang/ClassNotFoundException'{0x000000061651b948}: com/st/microxplorer/plugins/projectmanager/model/GroupBeanInfo> (0x000000061651b948) 
thrown [s\src\hotspot\share\classfile\systemDictionary.cpp, line 312]
Event: 25.244 Thread 0x000002326d641440 Exception <a 'java/lang/ClassNotFoundException'{0x000000061651db80}: com/st/microxplorer/plugins/projectmanager/model/GroupCustomizer> (0x000000061651db80) 
thrown [s\src\hotspot\share\classfile\systemDictionary.cpp, line 312]
Event: 25.708 Thread 0x000002326d641440 Implicit null exception at 0x000002324eb70ab1 to 0x000002324eb72bc8
Event: 26.380 Thread 0x000002326d641440 Exception <a 'java/io/IOException'{0x0000000611a44210}> (0x0000000611a44210) 
thrown [s\src\hotspot\share\prims\jni.cpp, line 520]
Event: 26.380 Thread 0x000002326d641440 Exception <a 'java/io/IOException'{0x0000000611a447d0}> (0x0000000611a447d0) 
thrown [s\src\hotspot\share\prims\jni.cpp, line 520]
Event: 26.380 Thread 0x000002326d641440 Exception <a 'java/io/IOException'{0x0000000611a45e68}> (0x0000000611a45e68) 
thrown [s\src\hotspot\share\prims\jni.cpp, line 520]
Event: 26.380 Thread 0x000002326d641440 Exception <a 'java/io/IOException'{0x0000000611a46428}> (0x0000000611a46428) 
thrown [s\src\hotspot\share\prims\jni.cpp, line 520]
Event: 28.256 Thread 0x000002326d641440 Exception <a 'java/io/IOException'{0x0000000611045e68}> (0x0000000611045e68) 
thrown [s\src\hotspot\share\prims\jni.cpp, line 520]
Event: 28.256 Thread 0x000002326d641440 Exception <a 'java/io/IOException'{0x0000000611046428}> (0x0000000611046428) 
thrown [s\src\hotspot\share\prims\jni.cpp, line 520]
Event: 30.071 Thread 0x000002326d641440 Exception <a 'java/io/IOException'{0x00000007fee4b528}> (0x00000007fee4b528) 
thrown [s\src\hotspot\share\prims\jni.cpp, line 520]
Event: 30.071 Thread 0x000002326d641440 Exception <a 'java/io/IOException'{0x00000007fee4bae8}> (0x00000007fee4bae8) 
thrown [s\src\hotspot\share\prims\jni.cpp, line 520]
Event: 32.306 Thread 0x000002326d641440 Exception <a 'java/io/IOException'{0x00000007fefaedb0}> (0x00000007fefaedb0) 
thrown [s\src\hotspot\share\prims\jni.cpp, line 520]
Event: 32.306 Thread 0x000002326d641440 Exception <a 'java/io/IOException'{0x00000007fefaf0c0}> (0x00000007fefaf0c0) 
thrown [s\src\hotspot\share\prims\jni.cpp, line 520]

ZGC Phase Switch (0 events):
No events

VM Operations (20 events):
Event: 1219.328 Executing VM operation: Cleanup
Event: 1219.328 Executing VM operation: Cleanup done
Event: 1402.438 Executing VM operation: Cleanup
Event: 1402.438 Executing VM operation: Cleanup done
Event: 1819.664 Executing VM operation: Cleanup
Event: 1819.664 Executing VM operation: Cleanup done
Event: 1840.675 Executing VM operation: Cleanup
Event: 1840.675 Executing VM operation: Cleanup done
Event: 3640.675 Executing VM operation: Cleanup
Event: 3640.675 Executing VM operation: Cleanup done
Event: 3661.686 Executing VM operation: Cleanup
Event: 3661.686 Executing VM operation: Cleanup done
Event: 4616.227 Executing VM operation: Cleanup
Event: 4616.227 Executing VM operation: Cleanup done
Event: 4981.440 Executing VM operation: Cleanup
Event: 4981.440 Executing VM operation: Cleanup done
Event: 5290.612 Executing VM operation: Cleanup
Event: 5290.612 Executing VM operation: Cleanup done
Event: 5388.673 Executing VM operation: Cleanup
Event: 5388.674 Executing VM operation: Cleanup done

Events (20 events):
Event: 5288.853 Thread 0x000002326d63fa00 Thread exited: 0x000002326d63fa00
Event: 5288.853 Thread 0x000002326d641440 Thread exited: 0x000002326d641440
Event: 5289.869 Thread 0x000002326d63fa00 Thread added: 0x000002326d63fa00
Event: 5289.869 Thread 0x000002326d63d930 Thread added: 0x000002326d63d930
Event: 5289.870 Thread 0x000002326d641440 Thread added: 0x000002326d641440
Event: 5310.882 Thread 0x000002326d63d930 Thread exited: 0x000002326d63d930
Event: 5310.883 Thread 0x000002326d63fa00 Thread exited: 0x000002326d63fa00
Event: 5310.883 Thread 0x000002326d641440 Thread exited: 0x000002326d641440
Event: 5315.893 Thread 0x000002326d63d930 Thread added: 0x000002326d63d930
Event: 5315.893 Thread 0x000002326d63e650 Thread added: 0x000002326d63e650
Event: 5315.893 Thread 0x000002326d6427f0 Thread added: 0x000002326d6427f0
Event: 5336.903 Thread 0x000002326d63e650 Thread exited: 0x000002326d63e650
Event: 5336.904 Thread 0x000002326d63d930 Thread exited: 0x000002326d63d930
Event: 5336.904 Thread 0x000002326d6427f0 Thread exited: 0x000002326d6427f0
Event: 5366.917 Thread 0x000002326d63fa00 Thread added: 0x000002326d63fa00
Event: 5366.917 Thread 0x000002326d63e650 Thread added: 0x000002326d63e650
Event: 5366.917 Thread 0x000002326d63d930 Thread added: 0x000002326d63d930
Event: 5387.932 Thread 0x000002326d63e650 Thread exited: 0x000002326d63e650
Event: 5387.932 Thread 0x000002326d63fa00 Thread exited: 0x000002326d63fa00
Event: 5387.932 Thread 0x000002326d63d930 Thread exited: 0x000002326d63d930


Dynamic libraries:
0x00007ff6eb470000 - 0x00007ff6eb47e000 	D:\STM32\jre\bin\javaw.exe
0x00007ffce95e0000 - 0x00007ffce9847000 	C:\WINDOWS\SYSTEM32\ntdll.dll
0x00007ffce8140000 - 0x00007ffce8209000 	C:\WINDOWS\System32\KERNEL32.DLL
0x00007ffce6c10000 - 0x00007ffce7000000 	C:\WINDOWS\System32\KERNELBASE.dll
0x00007ffce7190000 - 0x00007ffce72db000 	C:\WINDOWS\System32\ucrtbase.dll
0x00007ffce0210000 - 0x00007ffce022b000 	D:\STM32\jre\bin\VCRUNTIME140.dll
0x00007ffcdff30000 - 0x00007ffcdff48000 	D:\STM32\jre\bin\jli.dll
0x00007ffce86b0000 - 0x00007ffce8875000 	C:\WINDOWS\System32\USER32.dll
0x00007ffce69f0000 - 0x00007ffce6a17000 	C:\WINDOWS\System32\win32u.dll
0x00007ffce8360000 - 0x00007ffce838b000 	C:\WINDOWS\System32\GDI32.dll
0x00007ffce6a20000 - 0x00007ffce6b58000 	C:\WINDOWS\System32\gdi32full.dll
0x00007ffcbfe90000 - 0x00007ffcc012a000 	C:\WINDOWS\WinSxS\amd64_microsoft.windows.common-controls_6595b64144ccf1df_6.0.26100.4768_none_3e0c112ce331287c\COMCTL32.dll
0x00007ffce6b60000 - 0x00007ffce6c03000 	C:\WINDOWS\System32\msvcp_win.dll
0x00007ffce8290000 - 0x00007ffce8339000 	C:\WINDOWS\System32\msvcrt.dll
0x00007ffce9200000 - 0x00007ffce922f000 	C:\WINDOWS\System32\IMM32.DLL
0x00007ffce15b0000 - 0x00007ffce15bc000 	D:\STM32\jre\bin\vcruntime140_1.dll
0x00007ffcb36c0000 - 0x00007ffcb374e000 	D:\STM32\jre\bin\msvcp140.dll
0x00007ffbb2460000 - 0x00007ffbb31e2000 	D:\STM32\jre\bin\server\jvm.dll
0x00007ffce9340000 - 0x00007ffce93f4000 	C:\WINDOWS\System32\ADVAPI32.dll
0x00007ffce7ea0000 - 0x00007ffce7f46000 	C:\WINDOWS\System32\sechost.dll
0x00007ffce7d20000 - 0x00007ffce7e38000 	C:\WINDOWS\System32\RPCRT4.dll
0x00007ffce9510000 - 0x00007ffce9584000 	C:\WINDOWS\System32\WS2_32.dll
0x00007ffce6570000 - 0x00007ffce65ce000 	C:\WINDOWS\SYSTEM32\POWRPROF.dll
0x00007ffcd8790000 - 0x00007ffcd87c5000 	C:\WINDOWS\SYSTEM32\WINMM.dll
0x00007ffcdf9e0000 - 0x00007ffcdf9eb000 	C:\WINDOWS\SYSTEM32\VERSION.dll
0x00007ffce6550000 - 0x00007ffce6564000 	C:\WINDOWS\SYSTEM32\UMPDC.dll
0x00007ffce5490000 - 0x00007ffce54ab000 	C:\WINDOWS\SYSTEM32\kernel.appcore.dll
0x00007ffce1570000 - 0x00007ffce157a000 	D:\STM32\jre\bin\jimage.dll
0x00007ffce38f0000 - 0x00007ffce3b31000 	C:\WINDOWS\SYSTEM32\DBGHELP.DLL
0x00007ffce7370000 - 0x00007ffce76f5000 	C:\WINDOWS\System32\combase.dll
0x00007ffce9400000 - 0x00007ffce94e0000 	C:\WINDOWS\System32\OLEAUT32.dll
0x00007ffcb7c40000 - 0x00007ffcb7c83000 	C:\WINDOWS\SYSTEM32\dbgcore.DLL
0x00007ffce6950000 - 0x00007ffce69e9000 	C:\WINDOWS\System32\bcryptPrimitives.dll
0x00007ffcc6aa0000 - 0x00007ffcc6abf000 	D:\STM32\jre\bin\java.dll
0x00007ffce8970000 - 0x00007ffce90bd000 	C:\WINDOWS\System32\SHELL32.dll
0x00007ffce67d0000 - 0x00007ffce6943000 	C:\WINDOWS\System32\wintypes.dll
0x00007ffce4330000 - 0x00007ffce4b90000 	C:\WINDOWS\SYSTEM32\windows.storage.dll
0x00007ffce7700000 - 0x00007ffce77f5000 	C:\WINDOWS\System32\SHCORE.dll
0x00007ffce8900000 - 0x00007ffce896a000 	C:\WINDOWS\System32\shlwapi.dll
0x00007ffce6630000 - 0x00007ffce6659000 	C:\WINDOWS\SYSTEM32\profapi.dll
0x00007ffca2700000 - 0x00007ffca27d7000 	D:\STM32\jre\bin\jsvml.dll
0x00007ffcdfee0000 - 0x00007ffcdfef0000 	D:\STM32\jre\bin\net.dll
0x00007ffcdedb0000 - 0x00007ffcdeece000 	C:\WINDOWS\SYSTEM32\WINHTTP.dll
0x00007ffce5a20000 - 0x00007ffce5a8b000 	C:\WINDOWS\system32\mswsock.dll
0x00007ffcbe830000 - 0x00007ffcbe846000 	D:\STM32\jre\bin\nio.dll
0x00007ffcbe810000 - 0x00007ffcbe828000 	D:\STM32\jre\bin\zip.dll
0x00007ffccf780000 - 0x00007ffccf78a000 	D:\STM32\jre\bin\management.dll
0x00007ffccf6b0000 - 0x00007ffccf6bb000 	D:\STM32\jre\bin\management_ext.dll
0x00007ffce90c0000 - 0x00007ffce90c8000 	C:\WINDOWS\System32\PSAPI.DLL
0x00007ffcbe170000 - 0x00007ffcbe188000 	C:\WINDOWS\system32\napinsp.dll
0x00007ffce4f90000 - 0x00007ffce50b6000 	C:\WINDOWS\SYSTEM32\DNSAPI.dll
0x00007ffce4f50000 - 0x00007ffce4f83000 	C:\WINDOWS\SYSTEM32\IPHLPAPI.DLL
0x00007ffce9590000 - 0x00007ffce959a000 	C:\WINDOWS\System32\NSI.dll
0x00007ffcbe0e0000 - 0x00007ffcbe0f2000 	C:\WINDOWS\System32\winrnr.dll
0x00007ffcbe0a0000 - 0x00007ffcbe0d0000 	C:\WINDOWS\system32\nlansp_c.dll
0x00007ffcdec70000 - 0x00007ffcdec90000 	C:\WINDOWS\system32\wshbth.dll
0x00007ffcdf0e0000 - 0x00007ffcdf0eb000 	C:\Windows\System32\rasadhlp.dll
0x00007ffcdd6c0000 - 0x00007ffcdd746000 	C:\WINDOWS\System32\fwpuclnt.dll
0x00007ffca2160000 - 0x00007ffca22ee000 	D:\STM32\jre\bin\awt.dll
0x00007ffce27c0000 - 0x00007ffce285e000 	C:\WINDOWS\SYSTEM32\apphelp.dll
0x00007ffce5ce0000 - 0x00007ffce5cfb000 	C:\WINDOWS\SYSTEM32\CRYPTSP.dll
0x00007ffce53f0000 - 0x00007ffce542b000 	C:\WINDOWS\system32\rsaenh.dll
0x00007ffce5ac0000 - 0x00007ffce5aeb000 	C:\WINDOWS\SYSTEM32\USERENV.dll
0x00007ffce6600000 - 0x00007ffce6626000 	C:\WINDOWS\SYSTEM32\bcrypt.dll
0x00007ffce5d00000 - 0x00007ffce5d0c000 	C:\WINDOWS\SYSTEM32\CRYPTBASE.dll
0x00007ffce29f0000 - 0x00007ffce2a9f000 	C:\WINDOWS\system32\uxtheme.dll
0x00007ffce8390000 - 0x00007ffce84f1000 	C:\WINDOWS\System32\MSCTF.dll
0x00007ffce8500000 - 0x00007ffce86a0000 	C:\WINDOWS\System32\ole32.dll
0x00007ffce2b30000 - 0x00007ffce2b65000 	C:\WINDOWS\system32\DWMAPI.DLL
0x00007ffc1a990000 - 0x00007ffc1aaa8000 	C:\WINDOWS\system32\opengl32.dll
0x00007ffcba580000 - 0x00007ffcba5ad000 	C:\WINDOWS\SYSTEM32\GLU32.dll
0x00007ffce2b80000 - 0x00007ffce2bcd000 	C:\WINDOWS\SYSTEM32\dxcore.dll
0x00007ffcaa2d0000 - 0x00007ffcaa357000 	D:\STM32\jre\bin\freetype.dll
0x00007ffc39cd0000 - 0x00007ffc39db2000 	D:\STM32\jre\bin\fontmanager.dll
0x00007ffccdfb0000 - 0x00007ffccdfc0000 	D:\STM32\jre\bin\verify.dll
0x00007ffccdf70000 - 0x00007ffccdf79000 	D:\STM32\jre\bin\prefs.dll
0x00007ffcc90f0000 - 0x00007ffcc90fe000 	D:\STM32\jre\bin\sunmscapi.dll
0x00007ffce7010000 - 0x00007ffce7187000 	C:\WINDOWS\System32\CRYPT32.dll
0x00007ffce5f00000 - 0x00007ffce5f30000 	C:\WINDOWS\SYSTEM32\ncrypt.dll
0x00007ffce5eb0000 - 0x00007ffce5eef000 	C:\WINDOWS\SYSTEM32\NTASN1.dll
0x00007ffce5d50000 - 0x00007ffce5d63000 	C:\WINDOWS\SYSTEM32\MSASN1.dll
0x00007ffce6310000 - 0x00007ffce631a000 	C:\WINDOWS\SYSTEM32\DPAPI.dll
0x00007ffce5a90000 - 0x00007ffce5ab7000 	C:\WINDOWS\SYSTEM32\gpapi.dll
0x00007ffcb2a80000 - 0x00007ffcb2b0e000 	C:\WINDOWS\system32\ncryptprov.dll
0x00007ffcc8290000 - 0x00007ffcc8299000 	D:\STM32\jre\bin\extnet.dll
0x00007ffcc6b90000 - 0x00007ffcc6bbe000 	D:\STM32\jre\bin\javajpeg.dll
0x00007ffce9150000 - 0x00007ffce91f8000 	C:\WINDOWS\System32\clbcatq.dll
0x00007ffce1c00000 - 0x00007ffce1e3f000 	C:\WINDOWS\SYSTEM32\WindowsCodecs.dll
0x00007ffcb4be0000 - 0x00007ffcb4c3a000 	C:\WINDOWS\system32\dataexchange.dll
0x00007ffcd8550000 - 0x00007ffcd8788000 	C:\WINDOWS\system32\twinapi.appcore.dll
0x00007ffcbc510000 - 0x00007ffcbc661000 	C:\WINDOWS\SYSTEM32\textinputframework.dll
0x00007ffcc9300000 - 0x00007ffcc937d000 	C:\WINDOWS\system32\Oleacc.dll
0x00007ffbbc430000 - 0x00007ffbbc542000 	C:\Users\Hua\.stm32cubemx\.jxbrowser-8.5.0\Chromium\toolkit64.dll
0x00007ffc39a60000 - 0x00007ffc39b6c000 	C:\Users\Hua\.stm32cubemx\.jxbrowser-8.5.0\Chromium\ipc64.dll
0x00007ffce24d0000 - 0x00007ffce25f5000 	C:\WINDOWS\SYSTEM32\CoreMessaging.dll
0x00007ffcde5b0000 - 0x00007ffcde893000 	C:\WINDOWS\SYSTEM32\CoreUIComponents.dll
0x00007ffc23eb0000 - 0x00007ffc24023000 	C:\Users\Hua\AppData\Local\GamePPSDK\1.2.1552.807\GPP64.dll
0x00007ffccdac0000 - 0x00007ffccdc9f000 	C:\WINDOWS\WinSxS\amd64_microsoft.windows.gdiplus_6595b64144ccf1df_1.1.26100.4946_none_6ef530c63dc53cfc\gdiplus.dll
0x00007ffce55c0000 - 0x00007ffce55f6000 	C:\WINDOWS\SYSTEM32\ntmarta.dll
0x00007ffbb6f20000 - 0x00007ffbb701a000 	C:\Users\Hua\AppData\Local\Temp\sqlite-3.49.1.0-164a16c6-5992-4456-b089-0714065b172f-sqlitejdbc.dll
0x00007ffce2870000 - 0x00007ffce2886000 	C:\WINDOWS\system32\Wtsapi32.dll
0x00007ffce6320000 - 0x00007ffce638a000 	C:\WINDOWS\SYSTEM32\WINSTA.dll
0x00007ffce11b0000 - 0x00007ffce12bd000 	C:\WINDOWS\SYSTEM32\PROPSYS.dll
0x00007ffcb22b0000 - 0x00007ffcb2431000 	C:\Windows\System32\Windows.System.Launcher.dll
0x00007ffcd92f0000 - 0x00007ffcd930a000 	C:\WINDOWS\SYSTEM32\windows.staterepositorycore.dll
0x00007ffce6290000 - 0x00007ffce62e7000 	C:\WINDOWS\SYSTEM32\CFGMGR32.dll
0x00007ffcb1a00000 - 0x00007ffcb1a29000 	C:\WINDOWS\SYSTEM32\edputil.dll
0x00007ffcb8870000 - 0x00007ffcb8934000 	C:\Windows\System32\Windows.StateRepositoryPS.dll
0x00007ffcc6fc0000 - 0x00007ffcc71a5000 	C:\WINDOWS\SYSTEM32\urlmon.dll
0x00007ffcc6c60000 - 0x00007ffcc6f2a000 	C:\WINDOWS\SYSTEM32\iertutil.dll
0x00007ffcc6a60000 - 0x00007ffcc6a89000 	C:\WINDOWS\SYSTEM32\srvcli.dll
0x00007ffce4e40000 - 0x00007ffce4e4d000 	C:\WINDOWS\SYSTEM32\netutils.dll
0x00007ffce5740000 - 0x00007ffce5789000 	C:\WINDOWS\SYSTEM32\SspiCli.dll
0x00007ffcbe1e0000 - 0x00007ffcbe1f7000 	C:\WINDOWS\SYSTEM32\virtdisk.dll
0x00007ffce5dc0000 - 0x00007ffce5e2b000 	C:\WINDOWS\SYSTEM32\Wldp.dll
0x00007ffcbd470000 - 0x00007ffcbd523000 	C:\WINDOWS\SYSTEM32\TextShaping.dll

dbghelp: loaded successfully - version: 4.0.5 - missing functions: none
symbol engine: initialized successfully - sym options: 0x614 - pdb path: .;D:\STM32\jre\bin;C:\WINDOWS\SYSTEM32;C:\WINDOWS\WinSxS\amd64_microsoft.windows.common-controls_6595b64144ccf1df_6.0.26100.4768_none_3e0c112ce331287c;D:\STM32\jre\bin\server;C:\Users\Hua\.stm32cubemx\.jxbrowser-8.5.0\Chromium;C:\Users\Hua\AppData\Local\GamePPSDK\1.2.1552.807;C:\WINDOWS\WinSxS\amd64_microsoft.windows.gdiplus_6595b64144ccf1df_1.1.26100.4946_none_6ef530c63dc53cfc;C:\Users\Hua\AppData\Local\Temp

VM Arguments:
jvm_args: -Dfile.encoding=UTF-8 -Djavax.net.ssl.trustStoreType=WINDOWS-ROOT -Dsun.java2d.d3d=false --add-exports=java.desktop/sun.awt=ALL-UNNAMED --add-opens=java.desktop/java.awt=ALL-UNNAMED 
java_command: com.st.microxplorer.maingui.STM32CubeMX D:\STM32\My_Projects\01_bc_led\01_bc_led.ioc
java_class_path (initial): D:\STM32\STM32CubeMX.exe;anything
Launcher Type: SUN_STANDARD

[Global flags]
     intx CICompilerCount                          = 12                                        {product} {ergonomic}
     uint ConcGCThreads                            = 3                                         {product} {ergonomic}
     uint G1ConcRefinementThreads                  = 13                                        {product} {ergonomic}
   size_t G1HeapRegionSize                         = 4194304                                   {product} {ergonomic}
    uintx GCDrainStackTargetSize                   = 64                                        {product} {ergonomic}
   size_t InitialHeapSize                          = 536870912                                 {product} {ergonomic}
   size_t MarkStackSize                            = 4194304                                   {product} {ergonomic}
   size_t MaxHeapSize                              = 8552185856                                {product} {ergonomic}
   size_t MaxNewSize                               = 5129633792                                {product} {ergonomic}
   size_t MinHeapDeltaBytes                        = 4194304                                   {product} {ergonomic}
   size_t MinHeapSize                              = 8388608                                   {product} {ergonomic}
    uintx NonNMethodCodeHeapSize                   = 7602480                                {pd product} {ergonomic}
    uintx NonProfiledCodeHeapSize                  = 122027880                              {pd product} {ergonomic}
    uintx ProfiledCodeHeapSize                     = 122027880                              {pd product} {ergonomic}
    uintx ReservedCodeCacheSize                    = 251658240                              {pd product} {ergonomic}
     bool SegmentedCodeCache                       = true                                      {product} {ergonomic}
   size_t SoftMaxHeapSize                          = 8552185856                             {manageable} {ergonomic}
     bool UseCompressedOops                        = true                           {product lp64_product} {ergonomic}
     bool UseG1GC                                  = true                                      {product} {ergonomic}
     bool UseLargePagesIndividualAllocation        = false                                  {pd product} {ergonomic}

Logging:
Log output configuration:
 #0: stdout all=warning uptime,level,tags foldmultilines=false
 #1: stderr all=off uptime,level,tags foldmultilines=false

Environment Variables:
JAVA_TOOL_OPTIONS=-Dfile.encoding=UTF-8
CLASSPATH=D:\Java8\lib
PATH=D:\STM32\;D:\VMware Workstation\bin\;C:\Program Files (x86)\Common Files\Intel\Shared Libraries\redist\intel64\compiler;C:\Program Files (x86)\Common Files\Oracle\Java\javapath;C:\Windows\system32;C:\Windows;C:\Windows\System32\Wbem;C:\Windows\System32\WindowsPowerShell\v1.0\;C:\Windows\System32\OpenSSH\;C:\Program Files (x86)\NVIDIA Corporation\PhysX\Common;C:\WINDOWS\system32;C:\WINDOWS;C:\WINDOWS\System32\Wbem;C:\WINDOWS\System32\WindowsPowerShell\v1.0\;C:\WINDOWS\System32\OpenSSH\;C:\Program Files (x86)\Microsoft SQL Server\100\Tools\Binn\;C:\Program Files\Microsoft SQL Server\100\Tools\Binn\;C:\Program Files\Microsoft SQL Server\100\DTS\Binn\;D:\Bandizip\;D:\峚陓web羲楷氪馱撿\dll;C:\Pro;ram Files\dotnet\;D:\Android\.android;D:\Android;E:\NovelAi\Git\cmd;C:\Program Files\NVIDIA Corporation\NVIDIA app\NvDLISR;D:\Program Files\Microsoft SQL Server\110\DTS\Binn\;D:\Program Files (x86)\Microsoft SQL Server\110\Tools\Binn\;D:\Program Files\Microsoft SQL Server\110\Tools\Binn\;D:\Program Files (x86)\Microsoft SQL Server\110\Tools\Binn\ManagementStudio\;D:\Visual C++\Common7\IDE\PrivateAssemblies\;D:\Program Files (x86)\Microsoft SQL Server\110\DTS\Binn\;C:\Program Files\dotnet\;C:\Program Files (x86)\Windows Kits\10\Windows Performance Toolkit\;D:\Python\Scripts\;D:\Python\;C:\Users\Hua\AppData\Local\Microsoft\WindowsApps;C:\Users\Hua\.dotnet\tools;;D:\PyCharm Community Edition 2024.2.2\bin;;D:\Microsoft VS Code\bin;D:\STM32\.\jre\\bin
USERNAME=Hua
OS=Windows_NT
PROCESSOR_IDENTIFIER=AMD64 Family 25 Model 80 Stepping 0, AuthenticAMD
TMP=C:\Users\Hua\AppData\Local\Temp
TEMP=C:\Users\Hua\AppData\Local\Temp




Periodic native trim disabled

---------------  S Y S T E M  ---------------

OS:
 Windows 11 , 64 bit Build 26100 (10.0.26100.4768)
OS uptime: 0 days 3:27 hours

CPU: total 16 (initial active 16) (16 cores per cpu, 2 threads per core) family 25 model 80 stepping 0 microcode 0xa50000f, cx8, cmov, fxsr, ht, mmx, 3dnowpref, sse, sse2, sse3, ssse3, sse4a, sse4.1, sse4.2, popcnt, lzcnt, tsc, tscinvbit, avx, avx2, aes, erms, clmul, bmi1, bmi2, adx, sha, fma, vzeroupper, clflush, clflushopt, rdtscp, rdpid, fsrm, f16c, pku, cet_ss
Processor Information for all 16 processors :
  Max Mhz: 3201, Current Mhz: 3201, Mhz Limit: 3201

Memory: 4k page, system-wide physical 32620M (17788M free)
TotalPageFile size 49004M (AvailPageFile size 27201M)
current process WorkingSet (physical memory assigned to process): 740M, peak: 740M
current process commit charge ("private bytes"): 779M, peak: 779M

vm_info: OpenJDK 64-Bit Server VM (21.0.3+9-LTS) for windows-amd64 JRE (21.0.3+9-LTS), built on 2024-04-16T00:00:00Z by "admin" with MS VC++ 17.7 (VS2022)

END.
